<?xml version="1.0" encoding="UTF-8"?>
<!-- Generated by org.testng.reporters.JUnitReportReporter -->
<testsuite skipped="0" hostname="BDC7-DX-5W6JXH2" name="chandrakiran.harleen.Harleen1" tests="1" failures="0" timestamp="19 May 2018 07:17:47 GMT" time="16.838" errors="0">
  <testcase name="testHDFC" time="16.838" classname="chandrakiran.harleen.Harleen1"/>
</testsuite> <!-- chandrakiran.harleen.Harleen1 -->
